<?xml version="1.0" encoding="UTF-8"?>
<!-- Generated by org.testng.reporters.JUnitReportReporter -->
<testsuite skipped="0" hostname="IXED-LAP00316" name="Tests.flipkartHome" tests="1" failures="0" timestamp="31 Jul 2019 05:06:16 GMT" time="3.986" errors="0">
  <testcase name="Selecting_Mobile" time="3.986" classname="Tests.flipkartHome"/>
</testsuite> <!-- Tests.flipkartHome -->
